# JRE version: OpenJDK Runtime Environment Corretto-11.0.17.8.1 (11.0.17+8) (build 11.0.17+8-LTS)
# Java VM: OpenJDK 64-Bit Server VM Corretto-11.0.17.8.1 (11.0.17+8-LTS, mixed mode, tiered, compressed oops, g1 gc, windows-amd64)
Heap:
 garbage-first heap   total 420864K, used 280388K [0x0000000706200000, 0x0000000800000000)
  region size 1024K, 186 young (190464K), 8 survivors (8192K)
 Metaspace       used 116997K, capacity 120526K, committed 120656K, reserved 1153024K
  class space    used 16152K, capacity 17426K, committed 17536K, reserved 1048576K
GC Heap History (20 events):
Event: 34.294 GC heap before
{Heap before GC invocations=24 (full 0):
 garbage-first heap   total 420864K, used 305048K [0x0000000706200000, 0x0000000800000000)
  region size 1024K, 63 young (64512K), 4 survivors (4096K)
 Metaspace       used 114217K, capacity 117693K, committed 117968K, reserved 1150976K
  class space    used 15897K, capacity 17131K, committed 17152K, reserved 1048576K
}
Event: 34.300 GC heap after
{Heap after GC invocations=25 (full 0):
 garbage-first heap   total 420864K, used 222284K [0x0000000706200000, 0x0000000800000000)
  region size 1024K, 3 young (3072K), 3 survivors (3072K)
 Metaspace       used 114217K, capacity 117693K, committed 117968K, reserved 1150976K
  class space    used 15897K, capacity 17131K, committed 17152K, reserved 1048576K
}
Event: 34.891 GC heap before
{Heap before GC invocations=26 (full 0):
 garbage-first heap   total 420864K, used 375884K [0x0000000706200000, 0x0000000800000000)
  region size 1024K, 136 young (139264K), 3 survivors (3072K)
 Metaspace       used 114554K, capacity 117987K, committed 118352K, reserved 1150976K
  class space    used 15942K, capacity 17165K, committed 17280K, reserved 1048576K
}
Event: 34.903 GC heap after
{Heap after GC invocations=27 (full 0):
 garbage-first heap   total 420864K, used 189924K [0x0000000706200000, 0x0000000800000000)
  region size 1024K, 5 young (5120K), 5 survivors (5120K)
 Metaspace       used 114554K, capacity 117987K, committed 118352K, reserved 1150976K
  class space    used 15942K, capacity 17165K, committed 17280K, reserved 1048576K
}
Event: 35.227 GC heap before
{Heap before GC invocations=27 (full 0):
 garbage-first heap   total 420864K, used 305636K [0x0000000706200000, 0x0000000800000000)
  region size 1024K, 120 young (122880K), 5 survivors (5120K)
 Metaspace       used 115095K, capacity 118573K, committed 118736K, reserved 1150976K
  class space    used 16051K, capacity 17296K, committed 17408K, reserved 1048576K
}
Event: 35.238 GC heap after
{Heap after GC invocations=28 (full 0):
 garbage-first heap   total 420864K, used 138289K [0x0000000706200000, 0x0000000800000000)
  region size 1024K, 6 young (6144K), 6 survivors (6144K)
 Metaspace       used 115095K, capacity 118573K, committed 118736K, reserved 1150976K
  class space    used 16051K, capacity 17296K, committed 17408K, reserved 1048576K
}
Event: 36.384 GC heap before
{Heap before GC invocations=29 (full 0):
 garbage-first heap   total 420864K, used 340017K [0x0000000706200000, 0x0000000800000000)
  region size 1024K, 149 young (152576K), 6 survivors (6144K)
 Metaspace       used 115754K, capacity 119254K, committed 119504K, reserved 1150976K
  class space    used 16110K, capacity 17371K, committed 17408K, reserved 1048576K
}
Event: 36.392 GC heap after
{Heap after GC invocations=30 (full 0):
 garbage-first heap   total 420864K, used 135321K [0x0000000706200000, 0x0000000800000000)
  region size 1024K, 4 young (4096K), 4 survivors (4096K)
 Metaspace       used 115754K, capacity 119254K, committed 119504K, reserved 1150976K
  class space    used 16110K, capacity 17371K, committed 17408K, reserved 1048576K
}
Event: 37.362 GC heap before
{Heap before GC invocations=31 (full 0):
 garbage-first heap   total 420864K, used 351385K [0x0000000706200000, 0x0000000800000000)
  region size 1024K, 161 young (164864K), 4 survivors (4096K)
 Metaspace       used 115980K, capacity 119408K, committed 119504K, reserved 1150976K
  class space    used 16110K, capacity 17371K, committed 17408K, reserved 1048576K
}
Event: 37.373 GC heap after
{Heap after GC invocations=32 (full 0):
 garbage-first heap   total 420864K, used 136949K [0x0000000706200000, 0x0000000800000000)
  region size 1024K, 6 young (6144K), 6 survivors (6144K)
 Metaspace       used 115980K, capacity 119408K, committed 119504K, reserved 1150976K
  class space    used 16110K, capacity 17371K, committed 17408K, reserved 1048576K
}
Event: 38.373 GC heap before
{Heap before GC invocations=33 (full 0):
 garbage-first heap   total 420864K, used 368373K [0x0000000706200000, 0x0000000800000000)
  region size 1024K, 178 young (182272K), 6 survivors (6144K)
 Metaspace       used 115993K, capacity 119472K, committed 119760K, reserved 1150976K
  class space    used 16110K, capacity 17371K, committed 17408K, reserved 1048576K
}
Event: 38.382 GC heap after
{Heap after GC invocations=34 (full 0):
 garbage-first heap   total 420864K, used 137421K [0x0000000706200000, 0x0000000800000000)
  region size 1024K, 6 young (6144K), 6 survivors (6144K)
 Metaspace       used 115993K, capacity 119472K, committed 119760K, reserved 1150976K
  class space    used 16110K, capacity 17371K, committed 17408K, reserved 1048576K
}
Event: 39.184 GC heap before
{Heap before GC invocations=35 (full 0):
 garbage-first heap   total 420864K, used 393421K [0x0000000706200000, 0x0000000800000000)
  region size 1024K, 200 young (204800K), 6 survivors (6144K)
 Metaspace       used 115993K, capacity 119472K, committed 119760K, reserved 1150976K
  class space    used 16110K, capacity 17371K, committed 17408K, reserved 1048576K
}
Event: 39.190 GC heap after
{Heap after GC invocations=36 (full 0):
 garbage-first heap   total 420864K, used 155988K [0x0000000706200000, 0x0000000800000000)
  region size 1024K, 7 young (7168K), 7 survivors (7168K)
 Metaspace       used 115993K, capacity 119472K, committed 119760K, reserved 1150976K
  class space    used 16110K, capacity 17371K, committed 17408K, reserved 1048576K
}
Event: 41.493 GC heap before
{Heap before GC invocations=36 (full 0):
 garbage-first heap   total 420864K, used 387412K [0x0000000706200000, 0x0000000800000000)
  region size 1024K, 194 young (198656K), 7 survivors (7168K)
 Metaspace       used 116589K, capacity 120103K, committed 120400K, reserved 1153024K
  class space    used 16145K, capacity 17425K, committed 17536K, reserved 1048576K
}
Event: 41.500 GC heap after
{Heap after GC invocations=37 (full 0):
 garbage-first heap   total 420864K, used 162023K [0x0000000706200000, 0x0000000800000000)
  region size 1024K, 8 young (8192K), 8 survivors (8192K)
 Metaspace       used 116589K, capacity 120103K, committed 120400K, reserved 1153024K
  class space    used 16145K, capacity 17425K, committed 17536K, reserved 1048576K
}
Event: 46.377 GC heap before
{Heap before GC invocations=37 (full 0):
 garbage-first heap   total 420864K, used 353511K [0x0000000706200000, 0x0000000800000000)
  region size 1024K, 195 young (199680K), 8 survivors (8192K)
 Metaspace       used 116713K, capacity 120250K, committed 120400K, reserved 1153024K
  class space    used 16146K, capacity 17425K, committed 17536K, reserved 1048576K
}
Event: 46.382 GC heap after
{Heap after GC invocations=38 (full 0):
 garbage-first heap   total 420864K, used 99126K [0x0000000706200000, 0x0000000800000000)
  region size 1024K, 8 young (8192K), 8 survivors (8192K)
 Metaspace       used 116713K, capacity 120250K, committed 120400K, reserved 1153024K
  class space    used 16146K, capacity 17425K, committed 17536K, reserved 1048576K
}
Event: 51.354 GC heap before
{Heap before GC invocations=38 (full 0):
 garbage-first heap   total 420864K, used 333622K [0x0000000706200000, 0x0000000800000000)
  region size 1024K, 237 young (242688K), 8 survivors (8192K)
 Metaspace       used 116857K, capacity 120384K, committed 120656K, reserved 1153024K
  class space    used 16146K, capacity 17425K, committed 17536K, reserved 1048576K
}
Event: 51.359 GC heap after
{Heap after GC invocations=39 (full 0):
 garbage-first heap   total 420864K, used 99140K [0x0000000706200000, 0x0000000800000000)
  region size 1024K, 8 young (8192K), 8 survivors (8192K)
 Metaspace       used 116857K, capacity 120384K, committed 120656K, reserved 1153024K
  class space    used 16146K, capacity 17425K, committed 17536K, reserved 1048576K
}

