# JRE version: OpenJDK Runtime Environment Corretto-11.0.17.8.1 (11.0.17+8) (build 11.0.17+8-LTS)
# Java VM: OpenJDK 64-Bit Server VM Corretto-11.0.17.8.1 (11.0.17+8-LTS, mixed mode, tiered, compressed oops, g1 gc, windows-amd64)
Heap:
 garbage-first heap   total 557056K, used 253524K [0x0000000706200000, 0x0000000800000000)
  region size 1024K, 120 young (122880K), 1 survivors (1024K)
 Metaspace       used 119631K, capacity 122922K, committed 123088K, reserved 1155072K
  class space    used 16251K, capacity 17414K, committed 17512K, reserved 1048576K
GC Heap History (20 events):
Event: 121.496 GC heap before
{Heap before GC invocations=84 (full 0):
 garbage-first heap   total 557056K, used 465419K [0x0000000706200000, 0x0000000800000000)
  region size 1024K, 326 young (333824K), 1 survivors (1024K)
 Metaspace       used 119452K, capacity 122722K, committed 122832K, reserved 1155072K
  class space    used 16245K, capacity 17414K, committed 17512K, reserved 1048576K
}
Event: 121.497 GC heap after
{Heap after GC invocations=85 (full 0):
 garbage-first heap   total 557056K, used 132625K [0x0000000706200000, 0x0000000800000000)
  region size 1024K, 1 young (1024K), 1 survivors (1024K)
 Metaspace       used 119452K, capacity 122722K, committed 122832K, reserved 1155072K
  class space    used 16245K, capacity 17414K, committed 17512K, reserved 1048576K
}
Event: 125.163 GC heap before
{Heap before GC invocations=85 (full 0):
 garbage-first heap   total 557056K, used 465425K [0x0000000706200000, 0x0000000800000000)
  region size 1024K, 326 young (333824K), 1 survivors (1024K)
 Metaspace       used 119455K, capacity 122722K, committed 122832K, reserved 1155072K
  class space    used 16245K, capacity 17414K, committed 17512K, reserved 1048576K
}
Event: 125.164 GC heap after
{Heap after GC invocations=86 (full 0):
 garbage-first heap   total 557056K, used 132646K [0x0000000706200000, 0x0000000800000000)
  region size 1024K, 1 young (1024K), 1 survivors (1024K)
 Metaspace       used 119455K, capacity 122722K, committed 122832K, reserved 1155072K
  class space    used 16245K, capacity 17414K, committed 17512K, reserved 1048576K
}
Event: 128.845 GC heap before
{Heap before GC invocations=86 (full 0):
 garbage-first heap   total 557056K, used 465446K [0x0000000706200000, 0x0000000800000000)
  region size 1024K, 326 young (333824K), 1 survivors (1024K)
 Metaspace       used 119467K, capacity 122722K, committed 122832K, reserved 1155072K
  class space    used 16245K, capacity 17414K, committed 17512K, reserved 1048576K
}
Event: 128.846 GC heap after
{Heap after GC invocations=87 (full 0):
 garbage-first heap   total 557056K, used 132630K [0x0000000706200000, 0x0000000800000000)
  region size 1024K, 1 young (1024K), 1 survivors (1024K)
 Metaspace       used 119467K, capacity 122722K, committed 122832K, reserved 1155072K
  class space    used 16245K, capacity 17414K, committed 17512K, reserved 1048576K
}
Event: 132.913 GC heap before
{Heap before GC invocations=87 (full 0):
 garbage-first heap   total 557056K, used 465430K [0x0000000706200000, 0x0000000800000000)
  region size 1024K, 326 young (333824K), 1 survivors (1024K)
 Metaspace       used 119467K, capacity 122722K, committed 122832K, reserved 1155072K
  class space    used 16245K, capacity 17414K, committed 17512K, reserved 1048576K
}
Event: 132.914 GC heap after
{Heap after GC invocations=88 (full 0):
 garbage-first heap   total 557056K, used 132646K [0x0000000706200000, 0x0000000800000000)
  region size 1024K, 1 young (1024K), 1 survivors (1024K)
 Metaspace       used 119467K, capacity 122722K, committed 122832K, reserved 1155072K
  class space    used 16245K, capacity 17414K, committed 17512K, reserved 1048576K
}
Event: 137.231 GC heap before
{Heap before GC invocations=88 (full 0):
 garbage-first heap   total 557056K, used 465446K [0x0000000706200000, 0x0000000800000000)
  region size 1024K, 326 young (333824K), 1 survivors (1024K)
 Metaspace       used 119467K, capacity 122722K, committed 122832K, reserved 1155072K
  class space    used 16245K, capacity 17414K, committed 17512K, reserved 1048576K
}
Event: 137.232 GC heap after
{Heap after GC invocations=89 (full 0):
 garbage-first heap   total 557056K, used 132651K [0x0000000706200000, 0x0000000800000000)
  region size 1024K, 1 young (1024K), 1 survivors (1024K)
 Metaspace       used 119467K, capacity 122722K, committed 122832K, reserved 1155072K
  class space    used 16245K, capacity 17414K, committed 17512K, reserved 1048576K
}
Event: 141.729 GC heap before
{Heap before GC invocations=89 (full 0):
 garbage-first heap   total 557056K, used 465451K [0x0000000706200000, 0x0000000800000000)
  region size 1024K, 326 young (333824K), 1 survivors (1024K)
 Metaspace       used 119467K, capacity 122722K, committed 122832K, reserved 1155072K
  class space    used 16245K, capacity 17414K, committed 17512K, reserved 1048576K
}
Event: 141.731 GC heap after
{Heap after GC invocations=90 (full 0):
 garbage-first heap   total 557056K, used 132666K [0x0000000706200000, 0x0000000800000000)
  region size 1024K, 1 young (1024K), 1 survivors (1024K)
 Metaspace       used 119467K, capacity 122722K, committed 122832K, reserved 1155072K
  class space    used 16245K, capacity 17414K, committed 17512K, reserved 1048576K
}
Event: 145.995 GC heap before
{Heap before GC invocations=90 (full 0):
 garbage-first heap   total 557056K, used 465466K [0x0000000706200000, 0x0000000800000000)
  region size 1024K, 326 young (333824K), 1 survivors (1024K)
 Metaspace       used 119489K, capacity 122722K, committed 122832K, reserved 1155072K
  class space    used 16245K, capacity 17414K, committed 17512K, reserved 1048576K
}
Event: 145.996 GC heap after
{Heap after GC invocations=91 (full 0):
 garbage-first heap   total 557056K, used 132708K [0x0000000706200000, 0x0000000800000000)
  region size 1024K, 1 young (1024K), 1 survivors (1024K)
 Metaspace       used 119489K, capacity 122722K, committed 122832K, reserved 1155072K
  class space    used 16245K, capacity 17414K, committed 17512K, reserved 1048576K
}
Event: 150.280 GC heap before
{Heap before GC invocations=91 (full 0):
 garbage-first heap   total 557056K, used 465508K [0x0000000706200000, 0x0000000800000000)
  region size 1024K, 326 young (333824K), 1 survivors (1024K)
 Metaspace       used 119492K, capacity 122722K, committed 122832K, reserved 1155072K
  class space    used 16245K, capacity 17414K, committed 17512K, reserved 1048576K
}
Event: 150.281 GC heap after
{Heap after GC invocations=92 (full 0):
 garbage-first heap   total 557056K, used 132689K [0x0000000706200000, 0x0000000800000000)
  region size 1024K, 1 young (1024K), 1 survivors (1024K)
 Metaspace       used 119492K, capacity 122722K, committed 122832K, reserved 1155072K
  class space    used 16245K, capacity 17414K, committed 17512K, reserved 1048576K
}
Event: 154.573 GC heap before
{Heap before GC invocations=92 (full 0):
 garbage-first heap   total 557056K, used 465489K [0x0000000706200000, 0x0000000800000000)
  region size 1024K, 326 young (333824K), 1 survivors (1024K)
 Metaspace       used 119492K, capacity 122722K, committed 122832K, reserved 1155072K
  class space    used 16245K, capacity 17414K, committed 17512K, reserved 1048576K
}
Event: 154.574 GC heap after
{Heap after GC invocations=93 (full 0):
 garbage-first heap   total 557056K, used 132718K [0x0000000706200000, 0x0000000800000000)
  region size 1024K, 1 young (1024K), 1 survivors (1024K)
 Metaspace       used 119492K, capacity 122722K, committed 122832K, reserved 1155072K
  class space    used 16245K, capacity 17414K, committed 17512K, reserved 1048576K
}
Event: 158.911 GC heap before
{Heap before GC invocations=93 (full 0):
 garbage-first heap   total 557056K, used 465518K [0x0000000706200000, 0x0000000800000000)
  region size 1024K, 326 young (333824K), 1 survivors (1024K)
 Metaspace       used 119525K, capacity 122722K, committed 122832K, reserved 1155072K
  class space    used 16248K, capacity 17414K, committed 17512K, reserved 1048576K
}
Event: 158.913 GC heap after
{Heap after GC invocations=94 (full 0):
 garbage-first heap   total 557056K, used 132692K [0x0000000706200000, 0x0000000800000000)
  region size 1024K, 1 young (1024K), 1 survivors (1024K)
 Metaspace       used 119525K, capacity 122722K, committed 122832K, reserved 1155072K
  class space    used 16248K, capacity 17414K, committed 17512K, reserved 1048576K
}

