# JRE version: OpenJDK Runtime Environment Corretto-11.0.17.8.1 (11.0.17+8) (build 11.0.17+8-LTS)
# Java VM: OpenJDK 64-Bit Server VM Corretto-11.0.17.8.1 (11.0.17+8-LTS, mixed mode, tiered, compressed oops, g1 gc, windows-amd64)
Heap:
 garbage-first heap   total 514048K, used 454057K [0x0000000706200000, 0x0000000800000000)
  region size 1024K, 214 young (219136K), 2 survivors (2048K)
 Metaspace       used 139219K, capacity 143392K, committed 143636K, reserved 1171456K
  class space    used 19319K, capacity 20833K, committed 20864K, reserved 1048576K
GC Heap History (20 events):
Event: 94.529 GC heap before
{Heap before GC invocations=66 (full 0):
 garbage-first heap   total 514048K, used 452766K [0x0000000706200000, 0x0000000800000000)
  region size 1024K, 218 young (223232K), 7 survivors (7168K)
 Metaspace       used 138148K, capacity 142308K, committed 142612K, reserved 1171456K
  class space    used 19277K, capacity 20796K, committed 20864K, reserved 1048576K
}
Event: 94.534 GC heap after
{Heap after GC invocations=67 (full 0):
 garbage-first heap   total 514048K, used 237189K [0x0000000706200000, 0x0000000800000000)
  region size 1024K, 4 young (4096K), 4 survivors (4096K)
 Metaspace       used 138148K, capacity 142308K, committed 142612K, reserved 1171456K
  class space    used 19277K, capacity 20796K, committed 20864K, reserved 1048576K
}
Event: 96.647 GC heap before
{Heap before GC invocations=67 (full 0):
 garbage-first heap   total 514048K, used 453253K [0x0000000706200000, 0x0000000800000000)
  region size 1024K, 215 young (220160K), 4 survivors (4096K)
 Metaspace       used 138187K, capacity 142312K, committed 142612K, reserved 1171456K
  class space    used 19278K, capacity 20797K, committed 20864K, reserved 1048576K
}
Event: 96.650 GC heap after
{Heap after GC invocations=68 (full 0):
 garbage-first heap   total 514048K, used 237131K [0x0000000706200000, 0x0000000800000000)
  region size 1024K, 2 young (2048K), 2 survivors (2048K)
 Metaspace       used 138187K, capacity 142312K, committed 142612K, reserved 1171456K
  class space    used 19278K, capacity 20797K, committed 20864K, reserved 1048576K
}
Event: 99.603 GC heap before
{Heap before GC invocations=68 (full 0):
 garbage-first heap   total 514048K, used 454219K [0x0000000706200000, 0x0000000800000000)
  region size 1024K, 215 young (220160K), 2 survivors (2048K)
 Metaspace       used 138687K, capacity 142859K, committed 143124K, reserved 1171456K
  class space    used 19313K, capacity 20830K, committed 20864K, reserved 1048576K
}
Event: 99.606 GC heap after
{Heap after GC invocations=69 (full 0):
 garbage-first heap   total 514048K, used 237336K [0x0000000706200000, 0x0000000800000000)
  region size 1024K, 2 young (2048K), 2 survivors (2048K)
 Metaspace       used 138687K, capacity 142859K, committed 143124K, reserved 1171456K
  class space    used 19313K, capacity 20830K, committed 20864K, reserved 1048576K
}
Event: 101.962 GC heap before
{Heap before GC invocations=69 (full 0):
 garbage-first heap   total 514048K, used 455448K [0x0000000706200000, 0x0000000800000000)
  region size 1024K, 215 young (220160K), 2 survivors (2048K)
 Metaspace       used 138697K, capacity 142859K, committed 143124K, reserved 1171456K
  class space    used 19313K, capacity 20830K, committed 20864K, reserved 1048576K
}
Event: 101.964 GC heap after
{Heap after GC invocations=70 (full 0):
 garbage-first heap   total 514048K, used 237326K [0x0000000706200000, 0x0000000800000000)
  region size 1024K, 2 young (2048K), 2 survivors (2048K)
 Metaspace       used 138697K, capacity 142859K, committed 143124K, reserved 1171456K
  class space    used 19313K, capacity 20830K, committed 20864K, reserved 1048576K
}
Event: 104.277 GC heap before
{Heap before GC invocations=70 (full 0):
 garbage-first heap   total 514048K, used 455438K [0x0000000706200000, 0x0000000800000000)
  region size 1024K, 215 young (220160K), 2 survivors (2048K)
 Metaspace       used 138706K, capacity 142859K, committed 143124K, reserved 1171456K
  class space    used 19313K, capacity 20830K, committed 20864K, reserved 1048576K
}
Event: 104.280 GC heap after
{Heap after GC invocations=71 (full 0):
 garbage-first heap   total 514048K, used 237455K [0x0000000706200000, 0x0000000800000000)
  region size 1024K, 2 young (2048K), 2 survivors (2048K)
 Metaspace       used 138706K, capacity 142859K, committed 143124K, reserved 1171456K
  class space    used 19313K, capacity 20830K, committed 20864K, reserved 1048576K
}
Event: 106.984 GC heap before
{Heap before GC invocations=71 (full 0):
 garbage-first heap   total 514048K, used 455567K [0x0000000706200000, 0x0000000800000000)
  region size 1024K, 215 young (220160K), 2 survivors (2048K)
 Metaspace       used 138720K, capacity 142859K, committed 143124K, reserved 1171456K
  class space    used 19313K, capacity 20830K, committed 20864K, reserved 1048576K
}
Event: 106.987 GC heap after
{Heap after GC invocations=72 (full 0):
 garbage-first heap   total 514048K, used 237415K [0x0000000706200000, 0x0000000800000000)
  region size 1024K, 2 young (2048K), 2 survivors (2048K)
 Metaspace       used 138720K, capacity 142859K, committed 143124K, reserved 1171456K
  class space    used 19313K, capacity 20830K, committed 20864K, reserved 1048576K
}
Event: 110.040 GC heap before
{Heap before GC invocations=72 (full 0):
 garbage-first heap   total 514048K, used 455527K [0x0000000706200000, 0x0000000800000000)
  region size 1024K, 215 young (220160K), 2 survivors (2048K)
 Metaspace       used 138723K, capacity 142923K, committed 143124K, reserved 1171456K
  class space    used 19313K, capacity 20830K, committed 20864K, reserved 1048576K
}
Event: 110.042 GC heap after
{Heap after GC invocations=73 (full 0):
 garbage-first heap   total 514048K, used 237426K [0x0000000706200000, 0x0000000800000000)
  region size 1024K, 2 young (2048K), 2 survivors (2048K)
 Metaspace       used 138723K, capacity 142923K, committed 143124K, reserved 1171456K
  class space    used 19313K, capacity 20830K, committed 20864K, reserved 1048576K
}
Event: 113.059 GC heap before
{Heap before GC invocations=73 (full 0):
 garbage-first heap   total 514048K, used 455538K [0x0000000706200000, 0x0000000800000000)
  region size 1024K, 215 young (220160K), 2 survivors (2048K)
 Metaspace       used 138807K, capacity 142925K, committed 143124K, reserved 1171456K
  class space    used 19314K, capacity 20830K, committed 20864K, reserved 1048576K
}
Event: 113.061 GC heap after
{Heap after GC invocations=74 (full 0):
 garbage-first heap   total 514048K, used 237585K [0x0000000706200000, 0x0000000800000000)
  region size 1024K, 2 young (2048K), 2 survivors (2048K)
 Metaspace       used 138807K, capacity 142925K, committed 143124K, reserved 1171456K
  class space    used 19314K, capacity 20830K, committed 20864K, reserved 1048576K
}
Event: 115.838 GC heap before
{Heap before GC invocations=74 (full 0):
 garbage-first heap   total 514048K, used 455697K [0x0000000706200000, 0x0000000800000000)
  region size 1024K, 215 young (220160K), 2 survivors (2048K)
 Metaspace       used 139045K, capacity 143194K, committed 143380K, reserved 1171456K
  class space    used 19315K, capacity 20832K, committed 20864K, reserved 1048576K
}
Event: 115.841 GC heap after
{Heap after GC invocations=75 (full 0):
 garbage-first heap   total 514048K, used 237812K [0x0000000706200000, 0x0000000800000000)
  region size 1024K, 2 young (2048K), 2 survivors (2048K)
 Metaspace       used 139045K, capacity 143194K, committed 143380K, reserved 1171456K
  class space    used 19315K, capacity 20832K, committed 20864K, reserved 1048576K
}
Event: 118.702 GC heap before
{Heap before GC invocations=75 (full 0):
 garbage-first heap   total 514048K, used 454900K [0x0000000706200000, 0x0000000800000000)
  region size 1024K, 215 young (220160K), 2 survivors (2048K)
 Metaspace       used 139143K, capacity 143325K, committed 143380K, reserved 1171456K
  class space    used 19315K, capacity 20832K, committed 20864K, reserved 1048576K
}
Event: 118.704 GC heap after
{Heap after GC invocations=76 (full 0):
 garbage-first heap   total 514048K, used 237993K [0x0000000706200000, 0x0000000800000000)
  region size 1024K, 2 young (2048K), 2 survivors (2048K)
 Metaspace       used 139143K, capacity 143325K, committed 143380K, reserved 1171456K
  class space    used 19315K, capacity 20832K, committed 20864K, reserved 1048576K
}

